<?xml version="1.0" encoding="UTF-8"?>
<!-- Generated by org.testng.reporters.JUnitReportReporter -->
<testsuite hostname="204-108.ip.sola.uz" failures="0" tests="1" name="Page_Object_Model_And_Project_Factory.TC1" time="7.785" errors="0" timestamp="2023-03-02T16:32:42 UZT" skipped="0">
  <testcase classname="Page_Object_Model_And_Project_Factory.TC1" name="loginValidation" time="7.785"/>
  <system-out/>
</testsuite> <!-- Page_Object_Model_And_Project_Factory.TC1 -->
